<?xml version="1.0" encoding="UTF-8"?>
<testsuite name="com.swipedelete.zero.BlurDetectorTest" tests="3" skipped="0" failures="0" errors="0" timestamp="2026-09-26T13:01:21.910Z" hostname="OFEKVPC" time="0.002">
  <properties/>
  <testcase name="checkerboard is sharp" classname="com.swipedelete.zero.BlurDetectorTest" time="0.001"/>
  <testcase name="flat field is flagged blurry" classname="com.swipedelete.zero.BlurDetectorTest" time="0.0"/>
  <testcase name="dark textured frame uses conservative threshold" classname="com.swipedelete.zero.BlurDetectorTest" time="0.001"/>
  <system-out><![CDATA[]]></system-out>
  <system-err><![CDATA[]]></system-err>
</testsuite>
