<?xml version="1.0" encoding="UTF-8"?>
<testsuite name="com.swipedelete.zero.FilmstripTest" tests="4" skipped="0" failures="0" errors="0" timestamp="2026-09-26T00:37:52.212Z" hostname="OFEKVPC" time="0.001">
  <properties/>
  <testcase name="zero duration yields no slots" classname="com.swipedelete.zero.FilmstripTest" time="0.0"/>
  <testcase name="ten midpoint timestamps span the timeline" classname="com.swipedelete.zero.FilmstripTest" time="0.001"/>
  <testcase name="fraction maps and clamps to the timeline" classname="com.swipedelete.zero.FilmstripTest" time="0.0"/>
  <testcase name="slot index clamps at both edges" classname="com.swipedelete.zero.FilmstripTest" time="0.0"/>
  <system-out><![CDATA[]]></system-out>
  <system-err><![CDATA[]]></system-err>
</testsuite>
