<?xml version="1.0" encoding="UTF-8"?>
<testsuite name="com.swipedelete.zero.PerceptualHasherTest" tests="4" skipped="0" failures="0" errors="0" timestamp="2026-09-26T13:01:26.200Z" hostname="OFEKVPC" time="0.003">
  <properties/>
  <testcase name="identical matrices hash identically" classname="com.swipedelete.zero.PerceptualHasherTest" time="0.003"/>
  <testcase name="structurally opposite images differ substantially" classname="com.swipedelete.zero.PerceptualHasherTest" time="0.0"/>
  <testcase name="hamming distance of identical hashes is zero" classname="com.swipedelete.zero.PerceptualHasherTest" time="0.0"/>
  <testcase name="near-duplicate shift stays within threshold" classname="com.swipedelete.zero.PerceptualHasherTest" time="0.0"/>
  <system-out><![CDATA[]]></system-out>
  <system-err><![CDATA[]]></system-err>
</testsuite>
