<?xml version="1.0" encoding="UTF-8"?>
<testsuite name="com.swipedelete.zero.PurgeBatchReconciliationTest" tests="5" skipped="1" failures="0" errors="0" timestamp="2026-09-26T13:01:20.382Z" hostname="OFEKVPC" time="1.518">
  <properties/>
  <testcase name="M0-R7 - StagingViewModel prunes alreadyMissingUris without awarding reclaimed bytes" classname="com.swipedelete.zero.PurgeBatchReconciliationTest" time="1.357"/>
  <testcase name="M0-R7 - preparePurge partitions 100 missing items and plans 50 live items preventing starvation" classname="com.swipedelete.zero.PurgeBatchReconciliationTest" time="0.117"/>
  <testcase name="M0-V2-01 - 4-state resolution preserves UNKNOWN and reconciles only confirmed ABSENT and TRASHED" classname="com.swipedelete.zero.PurgeBatchReconciliationTest" time="0.012"/>
  <testcase name="M0-R5 - StagingViewModel purge is blocked in Play cloud builds" classname="com.swipedelete.zero.PurgeBatchReconciliationTest" time="0.003">
    <skipped/>
  </testcase>
  <testcase name="M0-V2-04 - cancellation of actual non-empty batch preserves queue, clears pending, and launches no follow-on batches" classname="com.swipedelete.zero.PurgeBatchReconciliationTest" time="0.026"/>
  <system-out><![CDATA[]]></system-out>
  <system-err><![CDATA[Mockito is currently self-attaching to enable the inline-mock-maker. This will no longer work in future releases of the JDK. Please add Mockito as an agent to your build what is described in Mockito's documentation: https://javadoc.io/doc/org.mockito/mockito-core/latest/org/mockito/Mockito.html#0.3
WARNING: A Java agent has been loaded dynamically (C:\Users\ofekv\.gradle\caches\modules-2\files-2.1\net.bytebuddy\byte-buddy-agent\1.15.4\58e850dde88f3cf20f41f659440bef33f6c4fe02\byte-buddy-agent-1.15.4.jar)
WARNING: If a serviceability tool is in use, please run with -XX:+EnableDynamicAgentLoading to hide this warning
WARNING: If a serviceability tool is not in use, please run with -Djdk.instrument.traceUsage for more information
WARNING: Dynamic loading of agents will be disallowed by default in a future release
]]></system-err>
</testsuite>
