<?xml version="1.0" encoding="UTF-8"?>
<testsuite name="com.swipedelete.zero.MediaStoreReconciliationTest" tests="8" skipped="0" failures="0" errors="0" timestamp="2026-09-26T00:37:48.433Z" hostname="OFEKVPC" time="0.879">
  <properties/>
  <testcase name="M0-V2-01 - image-only permission does not grant visibility for video URI and vice versa" classname="com.swipedelete.zero.MediaStoreReconciliationTest" time="0.784"/>
  <testcase name="M0-R6 - null cursor or exception returns UNKNOWN" classname="com.swipedelete.zero.MediaStoreReconciliationTest" time="0.067"/>
  <testcase name="M0-R6 - full media access confirms ABSENT on empty cursor" classname="com.swipedelete.zero.MediaStoreReconciliationTest" time="0.021"/>
  <testcase name="M0-R6 - Android 14 limited media access fails closed to UNKNOWN on empty cursor" classname="com.swipedelete.zero.MediaStoreReconciliationTest" time="0.002"/>
  <testcase name="M0-R6 - active untrashed row confirms PRESENT" classname="com.swipedelete.zero.MediaStoreReconciliationTest" time="0.001"/>
  <testcase name="M0-V2-01 - audio-only permission never grants visibility for image or video URI" classname="com.swipedelete.zero.MediaStoreReconciliationTest" time="0.002"/>
  <testcase name="M0-R6 - permission denial returns UNKNOWN, never ABSENT" classname="com.swipedelete.zero.MediaStoreReconciliationTest" time="0.001"/>
  <testcase name="M0-R6 - trashed row confirms TRASHED" classname="com.swipedelete.zero.MediaStoreReconciliationTest" time="0.001"/>
  <system-out><![CDATA[]]></system-out>
  <system-err><![CDATA[Mockito is currently self-attaching to enable the inline-mock-maker. This will no longer work in future releases of the JDK. Please add Mockito as an agent to your build what is described in Mockito's documentation: https://javadoc.io/doc/org.mockito/mockito-core/latest/org/mockito/Mockito.html#0.3
WARNING: A Java agent has been loaded dynamically (C:\Users\ofekv\.gradle\caches\modules-2\files-2.1\net.bytebuddy\byte-buddy-agent\1.15.4\58e850dde88f3cf20f41f659440bef33f6c4fe02\byte-buddy-agent-1.15.4.jar)
WARNING: If a serviceability tool is in use, please run with -XX:+EnableDynamicAgentLoading to hide this warning
WARNING: If a serviceability tool is not in use, please run with -Djdk.instrument.traceUsage for more information
WARNING: Dynamic loading of agents will be disallowed by default in a future release
]]></system-err>
</testsuite>
