<?xml version="1.0" encoding="UTF-8"?>
<testsuite name="com.swipedelete.zero.DatabaseMigrationTest" tests="2" skipped="0" failures="0" errors="0" timestamp="2026-09-26T13:01:22.066Z" hostname="OFEKVPC" time="3.974">
  <properties/>
  <testcase name="M0-MIG - Migration versions connect v4 baseline to v5" classname="com.swipedelete.zero.DatabaseMigrationTest" time="2.048"/>
  <testcase name="testRealRoomV4ToV5Migration" classname="com.swipedelete.zero.DatabaseMigrationTest" time="1.926"/>
  <system-out><![CDATA[]]></system-out>
  <system-err><![CDATA[]]></system-err>
</testsuite>
