<?xml version="1.0" encoding="UTF-8"?>
<testsuite name="com.swipedelete.zero.FormatTest" tests="4" skipped="0" failures="0" errors="0" timestamp="2026-09-26T13:03:43.052Z" hostname="OFEKVPC" time="0.003">
  <properties/>
  <testcase name="resolution class is orientation agnostic" classname="com.swipedelete.zero.FormatTest" time="0.001"/>
  <testcase name="codec mime mapping" classname="com.swipedelete.zero.FormatTest" time="0.001"/>
  <testcase name="bitrate label picks sensible units" classname="com.swipedelete.zero.FormatTest" time="0.001"/>
  <testcase name="fps label rounds" classname="com.swipedelete.zero.FormatTest" time="0.0"/>
  <system-out><![CDATA[]]></system-out>
  <system-err><![CDATA[]]></system-err>
</testsuite>
