<?xml version="1.0" encoding="UTF-8"?>
<testsuite name="com.swipedelete.zero.PurgeBatchReconciliationTest" tests="4" skipped="0" failures="0" errors="0" timestamp="2026-09-25T23:54:43.250Z" hostname="OFEKVPC" time="0.078">
  <properties/>
  <testcase name="M0-R7 - StagingViewModel prunes alreadyMissingUris without awarding reclaimed bytes" classname="com.swipedelete.zero.PurgeBatchReconciliationTest" time="0.003"/>
  <testcase name="M0-R7 - onConfirmationResult false clears pending batch without deleting or claiming bytes" classname="com.swipedelete.zero.PurgeBatchReconciliationTest" time="0.069"/>
  <testcase name="M0-R7 - preparePurge partitions 100 missing items and plans 50 live items preventing starvation" classname="com.swipedelete.zero.PurgeBatchReconciliationTest" time="0.001"/>
  <testcase name="M0-R5 - StagingViewModel purge is blocked in Play cloud builds" classname="com.swipedelete.zero.PurgeBatchReconciliationTest" time="0.005"/>
  <system-out><![CDATA[]]></system-out>
  <system-err><![CDATA[]]></system-err>
</testsuite>
