<?xml version="1.0" encoding="UTF-8"?>
<testsuite name="com.swipedelete.zero.DeckContinuationAndSortingTest" tests="3" skipped="0" failures="0" errors="0" timestamp="2026-09-25T23:54:42.808Z" hostname="OFEKVPC" time="0.003">
  <properties/>
  <testcase name="Deck re-ordering by largest first sorts remaining cards descending by size" classname="com.swipedelete.zero.DeckContinuationAndSortingTest" time="0.002"/>
  <testcase name="isCameraVideo recognizes DCIM and camera video prefixes" classname="com.swipedelete.zero.DeckContinuationAndSortingTest" time="0.001"/>
  <testcase name="Session cursor reconciliation resets completedCount when deck shrunk from purge" classname="com.swipedelete.zero.DeckContinuationAndSortingTest" time="0.0"/>
  <system-out><![CDATA[]]></system-out>
  <system-err><![CDATA[]]></system-err>
</testsuite>
