<?xml version="1.0" encoding="UTF-8"?>
<testsuite name="com.swipedelete.zero.CloudManagerTest" tests="4" skipped="0" failures="0" errors="0" timestamp="2026-09-25T23:54:42.053Z" hostname="OFEKVPC" time="0.003">
  <properties/>
  <testcase name="UploadReducer verifies successful chunk progress and finalization" classname="com.swipedelete.zero.CloudManagerTest" time="0.002"/>
  <testcase name="CloudUploadStats computes overall progress accurately" classname="com.swipedelete.zero.CloudManagerTest" time="0.001"/>
  <testcase name="CloudUploadStats handles zero bytes gracefully without division by zero" classname="com.swipedelete.zero.CloudManagerTest" time="0.0"/>
  <testcase name="Rebackup flow transitions entity from verified or failed to fresh queued" classname="com.swipedelete.zero.CloudManagerTest" time="0.0"/>
  <system-out><![CDATA[]]></system-out>
  <system-err><![CDATA[]]></system-err>
</testsuite>
