<?xml version="1.0" encoding="UTF-8"?>
<testsuite name="com.swipedelete.zero.DatabaseMigrationTest" tests="2" skipped="0" failures="0" errors="0" timestamp="2026-09-26T00:37:49.604Z" hostname="OFEKVPC" time="2.674">
  <properties/>
  <testcase name="M0-MIG - Migration versions connect v4 baseline to v5" classname="com.swipedelete.zero.DatabaseMigrationTest" time="1.339"/>
  <testcase name="testRealRoomV4ToV5Migration" classname="com.swipedelete.zero.DatabaseMigrationTest" time="1.335"/>
  <system-out><![CDATA[]]></system-out>
  <system-err><![CDATA[]]></system-err>
</testsuite>
