<?xml version="1.0" encoding="UTF-8"?>
<testsuite name="com.swipedelete.zero.DatabaseMigrationTest" tests="4" skipped="0" failures="0" errors="0" timestamp="2026-09-25T23:54:42.736Z" hostname="OFEKVPC" time="0.066">
  <properties/>
  <testcase name="M0-MIG - Legacy quarantine SQL protects all other entities and isolates account ownership" classname="com.swipedelete.zero.DatabaseMigrationTest" time="0.0"/>
  <testcase name="M0-MIG - Migration versions connect v4 baseline to v5" classname="com.swipedelete.zero.DatabaseMigrationTest" time="0.001"/>
  <testcase name="M0-MIG - MIGRATION_4_5 alters table and quarantines unowned active uploads" classname="com.swipedelete.zero.DatabaseMigrationTest" time="0.065"/>
  <testcase name="M0-MIG - Migration preserves version constants and non-destructive semantics" classname="com.swipedelete.zero.DatabaseMigrationTest" time="0.0"/>
  <system-out><![CDATA[]]></system-out>
  <system-err><![CDATA[]]></system-err>
</testsuite>
