<?xml version="1.0" encoding="UTF-8"?>
<testsuite name="com.swipedelete.zero.M0SafetyContainmentTest" tests="2" skipped="0" failures="0" errors="0" timestamp="2026-09-26T13:03:43.154Z" hostname="OFEKVPC" time="0.005">
  <properties/>
  <testcase name="SAFE-01 - throwing provider fake is never touched by an M0 delete request" classname="com.swipedelete.zero.M0SafetyContainmentTest" time="0.004"/>
  <testcase name="SAFE-03 - StagingUiState enforces disabled cleanup and product explanation in Play test builds" classname="com.swipedelete.zero.M0SafetyContainmentTest" time="0.001"/>
  <system-out><![CDATA[]]></system-out>
  <system-err><![CDATA[]]></system-err>
</testsuite>
