<?xml version="1.0" encoding="UTF-8"?>
<testsuite name="com.swipedelete.zero.backup.DriveCloudBackupAuthTest" tests="6" skipped="0" failures="0" errors="0" timestamp="2026-09-26T13:03:38.837Z" hostname="OFEKVPC" time="0.962">
  <properties/>
  <testcase name="M0-V3-02 - Old job completion cannot clear new session guard or overwrite newer account state" classname="com.swipedelete.zero.backup.DriveCloudBackupAuthTest" time="0.944"/>
  <testcase name="M0-V2-02 - Drive signOut cancels backupJob and retains SignedOut" classname="com.swipedelete.zero.backup.DriveCloudBackupAuthTest" time="0.006"/>
  <testcase name="M0-V3-02 - Per-file CancellationException is rethrown and not counted as failed file" classname="com.swipedelete.zero.backup.DriveCloudBackupAuthTest" time="0.002"/>
  <testcase name="M0-V2-02 - Drive disconnect between two uploads halts processing and retains SignedOut" classname="com.swipedelete.zero.backup.DriveCloudBackupAuthTest" time="0.002"/>
  <testcase name="M0-V3-02 - Auth callback signs out and returns token results in zero folder or upload operations" classname="com.swipedelete.zero.backup.DriveCloudBackupAuthTest" time="0.002"/>
  <testcase name="M0-V3-02 - Upload callback observes sign-out and throws 401 - no token refresh or reupload after disconnect" classname="com.swipedelete.zero.backup.DriveCloudBackupAuthTest" time="0.004"/>
  <system-out><![CDATA[]]></system-out>
  <system-err><![CDATA[Mockito is currently self-attaching to enable the inline-mock-maker. This will no longer work in future releases of the JDK. Please add Mockito as an agent to your build what is described in Mockito's documentation: https://javadoc.io/doc/org.mockito/mockito-core/latest/org/mockito/Mockito.html#0.3
WARNING: A Java agent has been loaded dynamically (C:\Users\ofekv\.gradle\caches\modules-2\files-2.1\net.bytebuddy\byte-buddy-agent\1.15.4\58e850dde88f3cf20f41f659440bef33f6c4fe02\byte-buddy-agent-1.15.4.jar)
WARNING: If a serviceability tool is in use, please run with -XX:+EnableDynamicAgentLoading to hide this warning
WARNING: If a serviceability tool is not in use, please run with -Djdk.instrument.traceUsage for more information
WARNING: Dynamic loading of agents will be disallowed by default in a future release
]]></system-err>
</testsuite>
