<?xml version="1.0" encoding="UTF-8"?>
<testsuite name="com.swipedelete.zero.PurgeBatchReconciliationTest" tests="5" skipped="4" failures="0" errors="0" timestamp="2026-09-26T13:03:43.276Z" hostname="OFEKVPC" time="0.087">
  <properties/>
  <testcase name="M0-R7 - StagingViewModel prunes alreadyMissingUris without awarding reclaimed bytes" classname="com.swipedelete.zero.PurgeBatchReconciliationTest" time="0.005">
    <skipped/>
  </testcase>
  <testcase name="M0-R7 - preparePurge partitions 100 missing items and plans 50 live items preventing starvation" classname="com.swipedelete.zero.PurgeBatchReconciliationTest" time="0.002">
    <skipped/>
  </testcase>
  <testcase name="M0-V2-01 - 4-state resolution preserves UNKNOWN and reconciles only confirmed ABSENT and TRASHED" classname="com.swipedelete.zero.PurgeBatchReconciliationTest" time="0.001">
    <skipped/>
  </testcase>
  <testcase name="M0-R5 - StagingViewModel purge is blocked in Play cloud builds" classname="com.swipedelete.zero.PurgeBatchReconciliationTest" time="0.078"/>
  <testcase name="M0-V2-04 - cancellation of actual non-empty batch preserves queue, clears pending, and launches no follow-on batches" classname="com.swipedelete.zero.PurgeBatchReconciliationTest" time="0.001">
    <skipped/>
  </testcase>
  <system-out><![CDATA[]]></system-out>
  <system-err><![CDATA[]]></system-err>
</testsuite>
