<?xml version="1.0" encoding="UTF-8"?>
<testsuite name="com.swipedelete.zero.VerifiedDeletionGateTest" tests="2" skipped="0" failures="0" errors="0" timestamp="2026-09-26T00:37:52.755Z" hostname="OFEKVPC" time="0.003">
  <properties/>
  <testcase name="an unverified item blocks the entire batch before any local mutation" classname="com.swipedelete.zero.VerifiedDeletionGateTest" time="0.002"/>
  <testcase name="offline or revoked remote proof blocks even Android Trash" classname="com.swipedelete.zero.VerifiedDeletionGateTest" time="0.001"/>
  <system-out><![CDATA[]]></system-out>
  <system-err><![CDATA[]]></system-err>
</testsuite>
