<?xml version="1.0" encoding="UTF-8"?>
<testsuite name="com.swipedelete.zero.backup.DriveCloudBackupAuthTest" tests="2" skipped="0" failures="0" errors="0" timestamp="2026-09-26T00:37:52.759Z" hostname="OFEKVPC" time="0.016">
  <properties/>
  <testcase name="M0-V2-02 - Drive signOut cancels backupJob and retains SignedOut" classname="com.swipedelete.zero.backup.DriveCloudBackupAuthTest" time="0.014"/>
  <testcase name="M0-V2-02 - Drive disconnect between two uploads halts processing and retains SignedOut" classname="com.swipedelete.zero.backup.DriveCloudBackupAuthTest" time="0.002"/>
  <system-out><![CDATA[]]></system-out>
  <system-err><![CDATA[]]></system-err>
</testsuite>
