<?xml version="1.0" encoding="UTF-8"?>
<testsuite name="com.swipedelete.zero.DeleteActionDesignSystemTest" tests="2" skipped="0" failures="0" errors="0" timestamp="2026-09-25T23:54:42.825Z" hostname="OFEKVPC" time="0.011">
  <properties/>
  <testcase name="DeleteRed is distinct from Amber and Azure" classname="com.swipedelete.zero.DeleteActionDesignSystemTest" time="0.01"/>
  <testcase name="DeleteRed has strong red component" classname="com.swipedelete.zero.DeleteActionDesignSystemTest" time="0.001"/>
  <system-out><![CDATA[]]></system-out>
  <system-err><![CDATA[]]></system-err>
</testsuite>
