<?xml version="1.0" encoding="UTF-8"?>
<testsuite name="com.swipedelete.zero.BlurDetectorTest" tests="3" skipped="0" failures="0" errors="0" timestamp="2026-08-09T07:53:38" hostname="vm" time="0.008">
  <properties/>
  <testcase name="checkerboard is sharp" classname="com.swipedelete.zero.BlurDetectorTest" time="0.005"/>
  <testcase name="flat field is flagged blurry" classname="com.swipedelete.zero.BlurDetectorTest" time="0.0"/>
  <testcase name="dark textured frame uses conservative threshold" classname="com.swipedelete.zero.BlurDetectorTest" time="0.0"/>
  <system-out><![CDATA[]]></system-out>
  <system-err><![CDATA[]]></system-err>
</testsuite>
