<?xml version="1.0" encoding="UTF-8"?>
<testsuite name="com.swipedelete.zero.ScreenshotHeuristicTest" tests="4" skipped="0" failures="0" errors="0" timestamp="2026-08-09T14:16:21" hostname="vm" time="0.005">
  <properties/>
  <testcase name="screenshot folders match" classname="com.swipedelete.zero.ScreenshotHeuristicTest" time="0.003"/>
  <testcase name="receipts and scans match by name" classname="com.swipedelete.zero.ScreenshotHeuristicTest" time="0.0"/>
  <testcase name="screenshot filenames match anywhere" classname="com.swipedelete.zero.ScreenshotHeuristicTest" time="0.0"/>
  <testcase name="camera photos do not match" classname="com.swipedelete.zero.ScreenshotHeuristicTest" time="0.0"/>
  <system-out><![CDATA[]]></system-out>
  <system-err><![CDATA[]]></system-err>
</testsuite>
