<?xml version="1.0" encoding="UTF-8"?>
<testsuite name="com.swipedelete.zero.PlaybackReducerTest" tests="10" skipped="0" failures="0" errors="0" timestamp="2026-08-09T13:03:03" hostname="vm" time="0.016">
  <properties/>
  <testcase name="scrub round trip returns to playing" classname="com.swipedelete.zero.PlaybackReducerTest" time="0.004"/>
  <testcase name="show video then first frame plays" classname="com.swipedelete.zero.PlaybackReducerTest" time="0.001"/>
  <testcase name="scrubbing while still loading is allowed" classname="com.swipedelete.zero.PlaybackReducerTest" time="0.001"/>
  <testcase name="show nothing resets to idle from anywhere" classname="com.swipedelete.zero.PlaybackReducerTest" time="0.005"/>
  <testcase name="scrub move updates position" classname="com.swipedelete.zero.PlaybackReducerTest" time="0.0"/>
  <testcase name="error recovers by showing a new video" classname="com.swipedelete.zero.PlaybackReducerTest" time="0.0"/>
  <testcase name="toggle pause round trip" classname="com.swipedelete.zero.PlaybackReducerTest" time="0.001"/>
  <testcase name="failure while idle stays idle" classname="com.swipedelete.zero.PlaybackReducerTest" time="0.001"/>
  <testcase name="card swap mid scrub retargets the machine" classname="com.swipedelete.zero.PlaybackReducerTest" time="0.0"/>
  <testcase name="player failure carries the media id" classname="com.swipedelete.zero.PlaybackReducerTest" time="0.0"/>
  <system-out><![CDATA[]]></system-out>
  <system-err><![CDATA[]]></system-err>
</testsuite>
