<?xml version="1.0" encoding="UTF-8"?>
<testsuite name="com.swipedelete.zero.ComparisonBadgeTest" tests="8" skipped="0" failures="0" errors="0" timestamp="2026-08-09T14:16:18" hostname="vm" time="2.646">
  <properties/>
  <testcase name="unmeasured sharpness produces no claim" classname="com.swipedelete.zero.ComparisonBadgeTest" time="2.634"/>
  <testcase name="trivial resolution differences are ignored" classname="com.swipedelete.zero.ComparisonBadgeTest" time="0.001"/>
  <testcase name="badges never contradict each other" classname="com.swipedelete.zero.ComparisonBadgeTest" time="0.005"/>
  <testcase name="trivial size differences are ignored" classname="com.swipedelete.zero.ComparisonBadgeTest" time="0.001"/>
  <testcase name="a genuinely smaller file wins" classname="com.swipedelete.zero.ComparisonBadgeTest" time="0.001"/>
  <testcase name="a genuinely larger resolution wins" classname="com.swipedelete.zero.ComparisonBadgeTest" time="0.0"/>
  <testcase name="sharpness needs a meaningful gap" classname="com.swipedelete.zero.ComparisonBadgeTest" time="0.002"/>
  <testcase name="byte-identical files claim nothing" classname="com.swipedelete.zero.ComparisonBadgeTest" time="0.002"/>
  <system-out><![CDATA[]]></system-out>
  <system-err><![CDATA[Mockito is currently self-attaching to enable the inline-mock-maker. This will no longer work in future releases of the JDK. Please add Mockito as an agent to your build what is described in Mockito's documentation: https://javadoc.io/doc/org.mockito/mockito-core/latest/org/mockito/Mockito.html#0.3
WARNING: A Java agent has been loaded dynamically (/root/.gradle/caches/modules-2/files-2.1/net.bytebuddy/byte-buddy-agent/1.15.4/58e850dde88f3cf20f41f659440bef33f6c4fe02/byte-buddy-agent-1.15.4.jar)
WARNING: If a serviceability tool is in use, please run with -XX:+EnableDynamicAgentLoading to hide this warning
WARNING: If a serviceability tool is not in use, please run with -Djdk.instrument.traceUsage for more information
WARNING: Dynamic loading of agents will be disallowed by default in a future release
]]></system-err>
</testsuite>
