<?xml version="1.0" encoding="UTF-8"?>
<testsuite name="com.swipedelete.zero.FilmstripTest" tests="4" skipped="0" failures="0" errors="0" timestamp="2026-08-09T14:16:21" hostname="vm" time="0.008">
  <properties/>
  <testcase name="zero duration yields no slots" classname="com.swipedelete.zero.FilmstripTest" time="0.002"/>
  <testcase name="ten midpoint timestamps span the timeline" classname="com.swipedelete.zero.FilmstripTest" time="0.002"/>
  <testcase name="fraction maps and clamps to the timeline" classname="com.swipedelete.zero.FilmstripTest" time="0.001"/>
  <testcase name="slot index clamps at both edges" classname="com.swipedelete.zero.FilmstripTest" time="0.002"/>
  <system-out><![CDATA[]]></system-out>
  <system-err><![CDATA[]]></system-err>
</testsuite>
