<?xml version="1.0" encoding="UTF-8"?>
<testsuite name="com.swipedelete.zero.StorageUrgencyTest" tests="4" skipped="0" failures="0" errors="0" timestamp="2026-08-09T15:10:39" hostname="vm" time="0.007">
  <properties/>
  <testcase name="the reported device reads as critical" classname="com.swipedelete.zero.StorageUrgencyTest" time="0.001"/>
  <testcase name="bands map to the right tone" classname="com.swipedelete.zero.StorageUrgencyTest" time="0.0"/>
  <testcase name="unknown capacity never cries wolf" classname="com.swipedelete.zero.StorageUrgencyTest" time="0.0"/>
  <testcase name="every level has a human label" classname="com.swipedelete.zero.StorageUrgencyTest" time="0.005"/>
  <system-out><![CDATA[]]></system-out>
  <system-err><![CDATA[]]></system-err>
</testsuite>
